{"/home/gabriel/Documents/Projects/nest-graphql-filters/src/index.ts": {"path":"/home/gabriel/Documents/Projects/nest-graphql-filters/src/index.ts","statementMap":{"0":{"start":{"line":4,"column":0},"end":{"line":4,"column":27}},"1":{"start":{"line":4,"column":27},"end":{"line":4,"column":73}},"2":{"start":{"line":5,"column":0},"end":{"line":5,"column":9}},"3":{"start":{"line":5,"column":9},"end":{"line":5,"column":67}},"4":{"start":{"line":6,"column":0},"end":{"line":6,"column":9}},"5":{"start":{"line":6,"column":9},"end":{"line":6,"column":63}},"6":{"start":{"line":7,"column":0},"end":{"line":7,"column":9}},"7":{"start":{"line":7,"column":9},"end":{"line":7,"column":55}},"8":{"start":{"line":10,"column":0},"end":{"line":10,"column":81}},"9":{"start":{"line":11,"column":0},"end":{"line":11,"column":61}},"10":{"start":{"line":12,"column":0},"end":{"line":12,"column":44}},"11":{"start":{"line":14,"column":0},"end":{"line":14,"column":75}},"12":{"start":{"line":15,"column":0},"end":{"line":15,"column":65}},"13":{"start":{"line":16,"column":0},"end":{"line":16,"column":75}},"14":{"start":{"line":17,"column":0},"end":{"line":17,"column":91}},"15":{"start":{"line":18,"column":0},"end":{"line":18,"column":81}},"16":{"start":{"line":19,"column":0},"end":{"line":19,"column":93}},"17":{"start":{"line":20,"column":0},"end":{"line":20,"column":75}},"18":{"start":{"line":22,"column":0},"end":{"line":22,"column":60}},"19":{"start":{"line":23,"column":0},"end":{"line":23,"column":91}},"20":{"start":{"line":25,"column":25},"end":{"line":25,"column":60}},"21":{"start":{"line":26,"column":23},"end":{"line":26,"column":70}},"22":{"start":{"line":27,"column":34},"end":{"line":27,"column":43}},"23":{"start":{"line":29,"column":16},"end":{"line":33,"column":2}},"24":{"start":{"line":35,"column":13},"end":{"line":35,"column":71}},"25":{"start":{"line":36,"column":13},"end":{"line":36,"column":61}},"26":{"start":{"line":37,"column":13},"end":{"line":37,"column":73}},"27":{"start":{"line":38,"column":13},"end":{"line":38,"column":71}},"28":{"start":{"line":39,"column":13},"end":{"line":39,"column":64}},"29":{"start":{"line":40,"column":13},"end":{"line":40,"column":54}},"30":{"start":{"line":41,"column":13},"end":{"line":41,"column":64}},"31":{"start":{"line":42,"column":13},"end":{"line":42,"column":64}}},"fnMap":{"0":{"name":"(anonymous_0)","decl":{"start":{"line":4,"column":27},"end":{"line":4,"column":40}},"loc":{"start":{"line":4,"column":27},"end":{"line":4,"column":73}}},"1":{"name":"(anonymous_1)","decl":{"start":{"line":5,"column":9},"end":{"line":5,"column":28}},"loc":{"start":{"line":5,"column":9},"end":{"line":5,"column":67}}},"2":{"name":"(anonymous_2)","decl":{"start":{"line":6,"column":9},"end":{"line":6,"column":26}},"loc":{"start":{"line":6,"column":9},"end":{"line":6,"column":63}}},"3":{"name":"(anonymous_3)","decl":{"start":{"line":7,"column":9},"end":{"line":7,"column":22}},"loc":{"start":{"line":7,"column":9},"end":{"line":7,"column":55}}}},"branchMap":{},"s":{"0":1,"1":2,"2":1,"3":2,"4":1,"5":2,"6":1,"7":2,"8":1,"9":1,"10":1,"11":1,"12":1,"13":1,"14":1,"15":1,"16":1,"17":1,"18":1,"19":1,"20":1,"21":1,"22":1,"23":1,"24":1,"25":1,"26":1,"27":1,"28":1,"29":1,"30":1,"31":1},"f":{"0":1,"1":1,"2":1,"3":1},"b":{}}
,"/home/gabriel/Documents/Projects/nest-graphql-filters/src/constants/filter-type-map.ts": {"path":"/home/gabriel/Documents/Projects/nest-graphql-filters/src/constants/filter-type-map.ts","statementMap":{"0":{"start":{"line":2,"column":0},"end":{"line":2,"column":78}},"1":{"start":{"line":4,"column":0},"end":{"line":4,"column":65}},"2":{"start":{"line":5,"column":0},"end":{"line":5,"column":56}},"3":{"start":{"line":6,"column":0},"end":{"line":6,"column":61}},"4":{"start":{"line":7,"column":0},"end":{"line":7,"column":61}},"5":{"start":{"line":8,"column":0},"end":{"line":8,"column":55}},"6":{"start":{"line":9,"column":0},"end":{"line":9,"column":57}},"7":{"start":{"line":10,"column":0},"end":{"line":10,"column":62}},"8":{"start":{"line":12,"column":13},"end":{"line":20,"column":2}}},"fnMap":{},"branchMap":{},"s":{"0":1,"1":1,"2":1,"3":1,"4":1,"5":1,"6":1,"7":1,"8":1},"f":{},"b":{}}
,"/home/gabriel/Documents/Projects/nest-graphql-filters/src/constants/primitive-types.ts": {"path":"/home/gabriel/Documents/Projects/nest-graphql-filters/src/constants/primitive-types.ts","statementMap":{"0":{"start":{"line":1,"column":0},"end":{"line":1,"column":null}},"1":{"start":{"line":10,"column":13},"end":{"line":20,"column":3}}},"fnMap":{},"branchMap":{},"s":{"0":10,"1":10},"f":{},"b":{}}
,"/home/gabriel/Documents/Projects/nest-graphql-filters/src/enums/comparison-operators.ts": {"path":"/home/gabriel/Documents/Projects/nest-graphql-filters/src/enums/comparison-operators.ts","statementMap":{"0":{"start":{"line":1,"column":0},"end":{"line":1,"column":null}},"1":{"start":{"line":2,"column":2},"end":{"line":2,"column":null}},"2":{"start":{"line":3,"column":2},"end":{"line":3,"column":null}},"3":{"start":{"line":4,"column":2},"end":{"line":4,"column":null}},"4":{"start":{"line":5,"column":2},"end":{"line":5,"column":null}},"5":{"start":{"line":6,"column":2},"end":{"line":6,"column":null}},"6":{"start":{"line":7,"column":2},"end":{"line":7,"column":null}},"7":{"start":{"line":8,"column":2},"end":{"line":8,"column":null}}},"fnMap":{"0":{"name":"(anonymous_0)","decl":{"start":{"line":1,"column":0},"end":{"line":1,"column":12}},"loc":{"start":{"line":1,"column":31},"end":{"line":9,"column":1}}}},"branchMap":{"0":{"loc":{"start":{"line":1,"column":12},"end":{"line":1,"column":null}},"type":"binary-expr","locations":[{"start":{"line":1,"column":12},"end":{"line":1,"column":31}},{"start":{"line":1,"column":31},"end":{"line":1,"column":null}}]}},"s":{"0":1,"1":1,"2":1,"3":1,"4":1,"5":1,"6":1,"7":1},"f":{"0":1},"b":{"0":[1,1]}}
,"/home/gabriel/Documents/Projects/nest-graphql-filters/src/enums/logical-operations.ts": {"path":"/home/gabriel/Documents/Projects/nest-graphql-filters/src/enums/logical-operations.ts","statementMap":{"0":{"start":{"line":1,"column":0},"end":{"line":1,"column":null}},"1":{"start":{"line":2,"column":2},"end":{"line":2,"column":null}},"2":{"start":{"line":3,"column":2},"end":{"line":3,"column":null}},"3":{"start":{"line":4,"column":2},"end":{"line":4,"column":null}}},"fnMap":{"0":{"name":"(anonymous_0)","decl":{"start":{"line":1,"column":0},"end":{"line":1,"column":12}},"loc":{"start":{"line":1,"column":29},"end":{"line":5,"column":1}}}},"branchMap":{"0":{"loc":{"start":{"line":1,"column":12},"end":{"line":1,"column":null}},"type":"binary-expr","locations":[{"start":{"line":1,"column":12},"end":{"line":1,"column":29}},{"start":{"line":1,"column":29},"end":{"line":1,"column":null}}]}},"s":{"0":9,"1":9,"2":9,"3":9},"f":{"0":9},"b":{"0":[9,9]}}
,"/home/gabriel/Documents/Projects/nest-graphql-filters/src/filters/boolean-filter.filter.ts": {"path":"/home/gabriel/Documents/Projects/nest-graphql-filters/src/filters/boolean-filter.filter.ts","statementMap":{"0":{"start":{"line":1,"column":0},"end":{"line":1,"column":51}},"1":{"start":{"line":4,"column":7},"end":{"line":7,"column":null}},"2":{"start":{"line":4,"column":13},"end":{"line":4,"column":26}},"3":{"start":{"line":6,"column":2},"end":{"line":6,"column":null}},"4":{"start":{"line":4,"column":13},"end":{"line":7,"column":null}}},"fnMap":{},"branchMap":{},"s":{"0":1,"1":1,"2":1,"3":1,"4":1},"f":{},"b":{}}
,"/home/gabriel/Documents/Projects/nest-graphql-filters/src/filters/date-time.filter.ts": {"path":"/home/gabriel/Documents/Projects/nest-graphql-filters/src/filters/date-time.filter.ts","statementMap":{"0":{"start":{"line":1,"column":0},"end":{"line":1,"column":71}},"1":{"start":{"line":3,"column":17},"end":{"line":3,"column":35}},"2":{"start":{"line":6,"column":7},"end":{"line":26,"column":null}},"3":{"start":{"line":6,"column":13},"end":{"line":6,"column":27}},"4":{"start":{"line":8,"column":2},"end":{"line":8,"column":null}},"5":{"start":{"line":13,"column":2},"end":{"line":13,"column":null}},"6":{"start":{"line":16,"column":2},"end":{"line":16,"column":null}},"7":{"start":{"line":19,"column":2},"end":{"line":19,"column":null}},"8":{"start":{"line":22,"column":2},"end":{"line":22,"column":null}},"9":{"start":{"line":25,"column":2},"end":{"line":25,"column":null}},"10":{"start":{"line":6,"column":13},"end":{"line":26,"column":null}}},"fnMap":{},"branchMap":{},"s":{"0":1,"1":1,"2":1,"3":1,"4":1,"5":1,"6":1,"7":1,"8":1,"9":1,"10":1},"f":{},"b":{}}
,"/home/gabriel/Documents/Projects/nest-graphql-filters/src/filters/float-filter.filter.ts": {"path":"/home/gabriel/Documents/Projects/nest-graphql-filters/src/filters/float-filter.filter.ts","statementMap":{"0":{"start":{"line":1,"column":0},"end":{"line":1,"column":58}},"1":{"start":{"line":4,"column":7},"end":{"line":22,"column":null}},"2":{"start":{"line":4,"column":13},"end":{"line":4,"column":24}},"3":{"start":{"line":6,"column":2},"end":{"line":6,"column":null}},"4":{"start":{"line":9,"column":2},"end":{"line":9,"column":null}},"5":{"start":{"line":12,"column":2},"end":{"line":12,"column":null}},"6":{"start":{"line":15,"column":2},"end":{"line":15,"column":null}},"7":{"start":{"line":18,"column":2},"end":{"line":18,"column":null}},"8":{"start":{"line":21,"column":2},"end":{"line":21,"column":null}},"9":{"start":{"line":4,"column":13},"end":{"line":22,"column":null}}},"fnMap":{},"branchMap":{},"s":{"0":1,"1":1,"2":1,"3":1,"4":1,"5":1,"6":1,"7":1,"8":1,"9":1},"f":{},"b":{}}
,"/home/gabriel/Documents/Projects/nest-graphql-filters/src/filters/id-filter.filter.ts": {"path":"/home/gabriel/Documents/Projects/nest-graphql-filters/src/filters/id-filter.filter.ts","statementMap":{"0":{"start":{"line":1,"column":0},"end":{"line":1,"column":51}},"1":{"start":{"line":4,"column":7},"end":{"line":7,"column":null}},"2":{"start":{"line":4,"column":13},"end":{"line":4,"column":21}},"3":{"start":{"line":6,"column":2},"end":{"line":6,"column":null}},"4":{"start":{"line":4,"column":13},"end":{"line":7,"column":null}}},"fnMap":{},"branchMap":{},"s":{"0":1,"1":1,"2":1,"3":1,"4":1},"f":{},"b":{}}
,"/home/gabriel/Documents/Projects/nest-graphql-filters/src/filters/int-filter.filter.ts": {"path":"/home/gabriel/Documents/Projects/nest-graphql-filters/src/filters/int-filter.filter.ts","statementMap":{"0":{"start":{"line":1,"column":0},"end":{"line":1,"column":56}},"1":{"start":{"line":4,"column":7},"end":{"line":22,"column":null}},"2":{"start":{"line":4,"column":13},"end":{"line":4,"column":22}},"3":{"start":{"line":6,"column":2},"end":{"line":6,"column":null}},"4":{"start":{"line":9,"column":2},"end":{"line":9,"column":null}},"5":{"start":{"line":12,"column":2},"end":{"line":12,"column":null}},"6":{"start":{"line":15,"column":2},"end":{"line":15,"column":null}},"7":{"start":{"line":18,"column":2},"end":{"line":18,"column":null}},"8":{"start":{"line":21,"column":2},"end":{"line":21,"column":null}},"9":{"start":{"line":4,"column":13},"end":{"line":22,"column":null}}},"fnMap":{},"branchMap":{},"s":{"0":1,"1":1,"2":1,"3":1,"4":1,"5":1,"6":1,"7":1,"8":1,"9":1},"f":{},"b":{}}
,"/home/gabriel/Documents/Projects/nest-graphql-filters/src/filters/string.filter.ts": {"path":"/home/gabriel/Documents/Projects/nest-graphql-filters/src/filters/string.filter.ts","statementMap":{"0":{"start":{"line":1,"column":0},"end":{"line":1,"column":51}},"1":{"start":{"line":4,"column":7},"end":{"line":15,"column":null}},"2":{"start":{"line":4,"column":13},"end":{"line":4,"column":25}},"3":{"start":{"line":6,"column":2},"end":{"line":6,"column":null}},"4":{"start":{"line":9,"column":2},"end":{"line":9,"column":null}},"5":{"start":{"line":14,"column":2},"end":{"line":14,"column":null}},"6":{"start":{"line":4,"column":13},"end":{"line":15,"column":null}}},"fnMap":{},"branchMap":{},"s":{"0":5,"1":5,"2":5,"3":5,"4":5,"5":5,"6":5},"f":{},"b":{}}
,"/home/gabriel/Documents/Projects/nest-graphql-filters/src/filters/timestamp.filter.ts": {"path":"/home/gabriel/Documents/Projects/nest-graphql-filters/src/filters/timestamp.filter.ts","statementMap":{"0":{"start":{"line":1,"column":0},"end":{"line":1,"column":69}},"1":{"start":{"line":3,"column":18},"end":{"line":3,"column":34}},"2":{"start":{"line":6,"column":7},"end":{"line":24,"column":null}},"3":{"start":{"line":6,"column":13},"end":{"line":6,"column":28}},"4":{"start":{"line":8,"column":2},"end":{"line":8,"column":null}},"5":{"start":{"line":11,"column":2},"end":{"line":11,"column":null}},"6":{"start":{"line":14,"column":2},"end":{"line":14,"column":null}},"7":{"start":{"line":17,"column":2},"end":{"line":17,"column":null}},"8":{"start":{"line":20,"column":2},"end":{"line":20,"column":null}},"9":{"start":{"line":23,"column":2},"end":{"line":23,"column":null}},"10":{"start":{"line":6,"column":13},"end":{"line":24,"column":null}}},"fnMap":{},"branchMap":{},"s":{"0":1,"1":1,"2":1,"3":1,"4":1,"5":1,"6":1,"7":1,"8":1,"9":1,"10":1},"f":{},"b":{}}
,"/home/gabriel/Documents/Projects/nest-graphql-filters/src/types/bidirectional-map.ts": {"path":"/home/gabriel/Documents/Projects/nest-graphql-filters/src/types/bidirectional-map.ts","statementMap":{"0":{"start":{"line":6,"column":4},"end":{"line":6,"column":26}},"1":{"start":{"line":7,"column":4},"end":{"line":7,"column":24}},"2":{"start":{"line":9,"column":4},"end":{"line":13,"column":5}},"3":{"start":{"line":10,"column":6},"end":{"line":12,"column":7}},"4":{"start":{"line":11,"column":8},"end":{"line":11,"column":29}},"5":{"start":{"line":17,"column":4},"end":{"line":17,"column":30}},"6":{"start":{"line":18,"column":4},"end":{"line":18,"column":28}},"7":{"start":{"line":22,"column":4},"end":{"line":22,"column":30}},"8":{"start":{"line":26,"column":4},"end":{"line":26,"column":30}},"9":{"start":{"line":30,"column":18},"end":{"line":30,"column":50}},"10":{"start":{"line":32,"column":4},"end":{"line":34,"column":5}},"11":{"start":{"line":33,"column":6},"end":{"line":33,"column":19}},"12":{"start":{"line":36,"column":4},"end":{"line":36,"column":46}},"13":{"start":{"line":40,"column":4},"end":{"line":40,"column":31}},"14":{"start":{"line":44,"column":4},"end":{"line":44,"column":28}},"15":{"start":{"line":48,"column":4},"end":{"line":48,"column":26}},"16":{"start":{"line":1,"column":0},"end":{"line":1,"column":13}}},"fnMap":{"0":{"name":"(anonymous_0)","decl":{"start":{"line":5,"column":2},"end":{"line":5,"column":14}},"loc":{"start":{"line":5,"column":43},"end":{"line":14,"column":3}}},"1":{"name":"(anonymous_1)","decl":{"start":{"line":16,"column":2},"end":{"line":16,"column":5}},"loc":{"start":{"line":16,"column":28},"end":{"line":19,"column":3}}},"2":{"name":"(anonymous_2)","decl":{"start":{"line":21,"column":2},"end":{"line":21,"column":15}},"loc":{"start":{"line":21,"column":24},"end":{"line":23,"column":3}}},"3":{"name":"(anonymous_3)","decl":{"start":{"line":25,"column":2},"end":{"line":25,"column":15}},"loc":{"start":{"line":25,"column":28},"end":{"line":27,"column":3}}},"4":{"name":"(anonymous_4)","decl":{"start":{"line":29,"column":2},"end":{"line":29,"column":5}},"loc":{"start":{"line":29,"column":24},"end":{"line":37,"column":3}}},"5":{"name":"(anonymous_5)","decl":{"start":{"line":39,"column":2},"end":{"line":39,"column":9}},"loc":{"start":{"line":39,"column":9},"end":{"line":41,"column":3}}},"6":{"name":"(anonymous_6)","decl":{"start":{"line":43,"column":2},"end":{"line":43,"column":6}},"loc":{"start":{"line":43,"column":6},"end":{"line":45,"column":3}}},"7":{"name":"(anonymous_7)","decl":{"start":{"line":47,"column":2},"end":{"line":47,"column":8}},"loc":{"start":{"line":47,"column":8},"end":{"line":49,"column":3}}}},"branchMap":{"0":{"loc":{"start":{"line":9,"column":4},"end":{"line":13,"column":5}},"type":"if","locations":[{"start":{"line":9,"column":4},"end":{"line":13,"column":5}}]},"1":{"loc":{"start":{"line":32,"column":4},"end":{"line":34,"column":5}},"type":"if","locations":[{"start":{"line":32,"column":4},"end":{"line":34,"column":5}}]}},"s":{"0":18,"1":18,"2":18,"3":10,"4":16,"5":32,"6":32,"7":48,"8":6,"9":7,"10":7,"11":4,"12":3,"13":1,"14":1,"15":1,"16":10},"f":{"0":18,"1":32,"2":48,"3":6,"4":7,"5":1,"6":1,"7":1},"b":{"0":[10],"1":[4]}}
,"/home/gabriel/Documents/Projects/nest-graphql-filters/src/types/field-metadata.ts": {"path":"/home/gabriel/Documents/Projects/nest-graphql-filters/src/types/field-metadata.ts","statementMap":{"0":{"start":{"line":3,"column":0},"end":{"line":3,"column":62}},"1":{"start":{"line":24,"column":4},"end":{"line":24,"column":30}},"2":{"start":{"line":25,"column":4},"end":{"line":25,"column":30}},"3":{"start":{"line":26,"column":4},"end":{"line":26,"column":44}},"4":{"start":{"line":27,"column":4},"end":{"line":27,"column":46}},"5":{"start":{"line":28,"column":4},"end":{"line":28,"column":36}},"6":{"start":{"line":29,"column":4},"end":{"line":29,"column":38}},"7":{"start":{"line":30,"column":4},"end":{"line":30,"column":61}},"8":{"start":{"line":14,"column":0},"end":{"line":14,"column":13}}},"fnMap":{"0":{"name":"(anonymous_0)","decl":{"start":{"line":23,"column":2},"end":{"line":23,"column":14}},"loc":{"start":{"line":23,"column":48},"end":{"line":31,"column":3}}}},"branchMap":{},"s":{"0":10,"1":49,"2":49,"3":49,"4":49,"5":49,"6":49,"7":49,"8":10},"f":{"0":49},"b":{}}
,"/home/gabriel/Documents/Projects/nest-graphql-filters/src/types/filter-options.ts": {"path":"/home/gabriel/Documents/Projects/nest-graphql-filters/src/types/filter-options.ts","statementMap":{"0":{"start":{"line":7,"column":4},"end":{"line":7,"column":29}},"1":{"start":{"line":3,"column":0},"end":{"line":3,"column":13}}},"fnMap":{"0":{"name":"(anonymous_0)","decl":{"start":{"line":6,"column":2},"end":{"line":6,"column":14}},"loc":{"start":{"line":6,"column":40},"end":{"line":8,"column":3}}}},"branchMap":{},"s":{"0":1,"1":2},"f":{"0":1},"b":{}}
,"/home/gabriel/Documents/Projects/nest-graphql-filters/src/types/filter-type-metadata-storage.ts": {"path":"/home/gabriel/Documents/Projects/nest-graphql-filters/src/types/filter-type-metadata-storage.ts","statementMap":{"0":{"start":{"line":1,"column":0},"end":{"line":1,"column":79}},"1":{"start":{"line":6,"column":0},"end":{"line":6,"column":49}},"2":{"start":{"line":7,"column":0},"end":{"line":7,"column":64}},"3":{"start":{"line":8,"column":0},"end":{"line":8,"column":40}},"4":{"start":{"line":22,"column":4},"end":{"line":22,"column":52}},"5":{"start":{"line":23,"column":4},"end":{"line":23,"column":48}},"6":{"start":{"line":24,"column":4},"end":{"line":24,"column":70}},"7":{"start":{"line":28,"column":4},"end":{"line":28,"column":43}},"8":{"start":{"line":32,"column":4},"end":{"line":42,"column":7}},"9":{"start":{"line":49,"column":28},"end":{"line":49,"column":75}},"10":{"start":{"line":51,"column":4},"end":{"line":61,"column":7}},"11":{"start":{"line":59,"column":20},"end":{"line":59,"column":35}},"12":{"start":{"line":65,"column":26},"end":{"line":65,"column":55}},"13":{"start":{"line":66,"column":4},"end":{"line":69,"column":5}},"14":{"start":{"line":67,"column":27},"end":{"line":67,"column":48}},"15":{"start":{"line":68,"column":6},"end":{"line":68,"column":61}},"16":{"start":{"line":73,"column":23},"end":{"line":73,"column":66}},"17":{"start":{"line":75,"column":4},"end":{"line":77,"column":5}},"18":{"start":{"line":76,"column":6},"end":{"line":76,"column":24}},"19":{"start":{"line":81,"column":6},"end":{"line":81,"column":null}},"20":{"start":{"line":80,"column":19},"end":{"line":80,"column":36}},"21":{"start":{"line":84,"column":6},"end":{"line":84,"column":null}},"22":{"start":{"line":83,"column":19},"end":{"line":83,"column":36}},"23":{"start":{"line":87,"column":6},"end":{"line":87,"column":null}},"24":{"start":{"line":86,"column":19},"end":{"line":86,"column":34}},"25":{"start":{"line":90,"column":4},"end":{"line":92,"column":7}},"26":{"start":{"line":94,"column":4},"end":{"line":94,"column":55}},"27":{"start":{"line":96,"column":4},"end":{"line":106,"column":6}},"28":{"start":{"line":108,"column":4},"end":{"line":118,"column":6}},"29":{"start":{"line":120,"column":4},"end":{"line":130,"column":6}},"30":{"start":{"line":132,"column":4},"end":{"line":132,"column":27}},"31":{"start":{"line":16,"column":0},"end":{"line":16,"column":13}}},"fnMap":{"0":{"name":"(anonymous_2)","decl":{"start":{"line":21,"column":2},"end":{"line":21,"column":14}},"loc":{"start":{"line":21,"column":48},"end":{"line":25,"column":3}}},"1":{"name":"(anonymous_3)","decl":{"start":{"line":27,"column":9},"end":{"line":27,"column":25}},"loc":{"start":{"line":27,"column":72},"end":{"line":29,"column":3}}},"2":{"name":"(anonymous_4)","decl":{"start":{"line":31,"column":9},"end":{"line":31,"column":28}},"loc":{"start":{"line":31,"column":63},"end":{"line":43,"column":3}}},"3":{"name":"(anonymous_5)","decl":{"start":{"line":45,"column":9},"end":{"line":45,"column":34}},"loc":{"start":{"line":47,"column":24},"end":{"line":62,"column":3}}},"4":{"name":"(anonymous_6)","decl":{"start":{"line":59,"column":14},"end":{"line":59,"column":17}},"loc":{"start":{"line":59,"column":20},"end":{"line":59,"column":35}}},"5":{"name":"(anonymous_7)","decl":{"start":{"line":64,"column":9},"end":{"line":64,"column":26}},"loc":{"start":{"line":64,"column":26},"end":{"line":70,"column":3}}},"6":{"name":"(anonymous_8)","decl":{"start":{"line":72,"column":9},"end":{"line":72,"column":30}},"loc":{"start":{"line":72,"column":52},"end":{"line":133,"column":3}}},"7":{"name":"(anonymous_9)","decl":{"start":{"line":80,"column":13},"end":{"line":80,"column":16}},"loc":{"start":{"line":80,"column":19},"end":{"line":80,"column":36}}},"8":{"name":"(anonymous_10)","decl":{"start":{"line":83,"column":13},"end":{"line":83,"column":16}},"loc":{"start":{"line":83,"column":19},"end":{"line":83,"column":36}}},"9":{"name":"(anonymous_11)","decl":{"start":{"line":86,"column":13},"end":{"line":86,"column":16}},"loc":{"start":{"line":86,"column":19},"end":{"line":86,"column":34}}}},"branchMap":{"0":{"loc":{"start":{"line":75,"column":4},"end":{"line":77,"column":5}},"type":"if","locations":[{"start":{"line":75,"column":4},"end":{"line":77,"column":5}}]}},"s":{"0":9,"1":9,"2":9,"3":9,"4":16,"5":16,"6":16,"7":7,"8":1,"9":7,"10":7,"11":2,"12":3,"13":3,"14":3,"15":3,"16":15,"17":15,"18":2,"19":13,"20":1,"21":13,"22":1,"23":13,"24":1,"25":13,"26":13,"27":13,"28":13,"29":13,"30":13,"31":9},"f":{"0":16,"1":7,"2":1,"3":7,"4":2,"5":3,"6":15,"7":1,"8":1,"9":1},"b":{"0":[2]}}
,"/home/gabriel/Documents/Projects/nest-graphql-filters/src/types/multimap.ts": {"path":"/home/gabriel/Documents/Projects/nest-graphql-filters/src/types/multimap.ts","statementMap":{"0":{"start":{"line":6,"column":4},"end":{"line":6,"column":26}},"1":{"start":{"line":7,"column":4},"end":{"line":7,"column":24}},"2":{"start":{"line":11,"column":4},"end":{"line":11,"column":30}},"3":{"start":{"line":12,"column":16},"end":{"line":12,"column":54}},"4":{"start":{"line":13,"column":4},"end":{"line":15,"column":5}},"5":{"start":{"line":14,"column":6},"end":{"line":14,"column":30}},"6":{"start":{"line":16,"column":4},"end":{"line":16,"column":19}},"7":{"start":{"line":17,"column":4},"end":{"line":17,"column":28}},"8":{"start":{"line":21,"column":16},"end":{"line":21,"column":34}},"9":{"start":{"line":22,"column":4},"end":{"line":29,"column":5}},"10":{"start":{"line":23,"column":18},"end":{"line":23,"column":36}},"11":{"start":{"line":24,"column":6},"end":{"line":24,"column":25}},"12":{"start":{"line":25,"column":25},"end":{"line":25,"column":40}},"13":{"start":{"line":26,"column":6},"end":{"line":28,"column":7}},"14":{"start":{"line":27,"column":8},"end":{"line":27,"column":30}},"15":{"start":{"line":30,"column":4},"end":{"line":30,"column":26}},"16":{"start":{"line":34,"column":4},"end":{"line":34,"column":30}},"17":{"start":{"line":38,"column":4},"end":{"line":38,"column":28}},"18":{"start":{"line":42,"column":4},"end":{"line":42,"column":26}},"19":{"start":{"line":46,"column":4},"end":{"line":46,"column":31}},"20":{"start":{"line":1,"column":0},"end":{"line":1,"column":13}}},"fnMap":{"0":{"name":"(anonymous_0)","decl":{"start":{"line":5,"column":2},"end":{"line":5,"column":null}},"loc":{"start":{"line":5,"column":2},"end":{"line":8,"column":3}}},"1":{"name":"(anonymous_1)","decl":{"start":{"line":10,"column":2},"end":{"line":10,"column":5}},"loc":{"start":{"line":10,"column":28},"end":{"line":18,"column":3}}},"2":{"name":"(anonymous_2)","decl":{"start":{"line":20,"column":2},"end":{"line":20,"column":15}},"loc":{"start":{"line":20,"column":28},"end":{"line":31,"column":3}}},"3":{"name":"(anonymous_3)","decl":{"start":{"line":33,"column":2},"end":{"line":33,"column":16}},"loc":{"start":{"line":33,"column":25},"end":{"line":35,"column":3}}},"4":{"name":"(anonymous_4)","decl":{"start":{"line":37,"column":2},"end":{"line":37,"column":6}},"loc":{"start":{"line":37,"column":6},"end":{"line":39,"column":3}}},"5":{"name":"(anonymous_5)","decl":{"start":{"line":41,"column":2},"end":{"line":41,"column":8}},"loc":{"start":{"line":41,"column":8},"end":{"line":43,"column":3}}},"6":{"name":"(anonymous_6)","decl":{"start":{"line":45,"column":2},"end":{"line":45,"column":9}},"loc":{"start":{"line":45,"column":9},"end":{"line":47,"column":3}}}},"branchMap":{"0":{"loc":{"start":{"line":12,"column":16},"end":{"line":12,"column":54}},"type":"binary-expr","locations":[{"start":{"line":12,"column":16},"end":{"line":12,"column":34}},{"start":{"line":12,"column":38},"end":{"line":12,"column":54}}]},"1":{"loc":{"start":{"line":13,"column":4},"end":{"line":15,"column":5}},"type":"if","locations":[{"start":{"line":13,"column":4},"end":{"line":15,"column":5}}]},"2":{"loc":{"start":{"line":22,"column":4},"end":{"line":29,"column":5}},"type":"if","locations":[{"start":{"line":22,"column":4},"end":{"line":29,"column":5}}]},"3":{"loc":{"start":{"line":26,"column":6},"end":{"line":28,"column":7}},"type":"if","locations":[{"start":{"line":26,"column":6},"end":{"line":28,"column":7}}]}},"s":{"0":18,"1":18,"2":52,"3":52,"4":52,"5":16,"6":52,"7":52,"8":53,"9":53,"10":2,"11":2,"12":2,"13":2,"14":1,"15":53,"16":10,"17":2,"18":1,"19":4,"20":10},"f":{"0":18,"1":52,"2":53,"3":10,"4":2,"5":1,"6":4},"b":{"0":[52,16],"1":[16],"2":[2],"3":[1]}}
,"/home/gabriel/Documents/Projects/nest-graphql-filters/src/utils/create-enum-of-entity-fields.ts": {"path":"/home/gabriel/Documents/Projects/nest-graphql-filters/src/utils/create-enum-of-entity-fields.ts","statementMap":{"0":{"start":{"line":6,"column":21},"end":{"line":6,"column":23}},"1":{"start":{"line":8,"column":2},"end":{"line":12,"column":3}},"2":{"start":{"line":9,"column":4},"end":{"line":11,"column":5}},"3":{"start":{"line":10,"column":6},"end":{"line":10,"column":42}},"4":{"start":{"line":14,"column":2},"end":{"line":14,"column":20}},"5":{"start":{"line":3,"column":0},"end":{"line":3,"column":16}}},"fnMap":{"0":{"name":"createEnumOfEntityFields","decl":{"start":{"line":3,"column":16},"end":{"line":3,"column":40}},"loc":{"start":{"line":4,"column":33},"end":{"line":15,"column":1}}}},"branchMap":{"0":{"loc":{"start":{"line":9,"column":4},"end":{"line":11,"column":5}},"type":"if","locations":[{"start":{"line":9,"column":4},"end":{"line":11,"column":5}}]}},"s":{"0":2,"1":2,"2":6,"3":3,"4":2,"5":3},"f":{"0":2},"b":{"0":[3]}}
,"/home/gabriel/Documents/Projects/nest-graphql-filters/src/utils/create-filter-args-decorator.ts": {"path":"/home/gabriel/Documents/Projects/nest-graphql-filters/src/utils/create-filter-args-decorator.ts","statementMap":{"0":{"start":{"line":2,"column":0},"end":{"line":2,"column":39}},"1":{"start":{"line":6,"column":0},"end":{"line":6,"column":60}},"2":{"start":{"line":8,"column":41},"end":{"line":36,"column":1}},"3":{"start":{"line":11,"column":2},"end":{"line":35,"column":4}},"4":{"start":{"line":16,"column":47},"end":{"line":18,"column":null}},"5":{"start":{"line":21,"column":4},"end":{"line":34,"column":6}},"6":{"start":{"line":22,"column":25},"end":{"line":22,"column":69}},"7":{"start":{"line":24,"column":6},"end":{"line":33,"column":28}},"8":{"start":{"line":27,"column":22},"end":{"line":27,"column":32}},"9":{"start":{"line":8,"column":13},"end":{"line":8,"column":41}}},"fnMap":{"0":{"name":"(anonymous_0)","decl":{"start":{"line":8,"column":41},"end":{"line":8,"column":null}},"loc":{"start":{"line":10,"column":4},"end":{"line":36,"column":1}}},"1":{"name":"FilterArgs","decl":{"start":{"line":11,"column":18},"end":{"line":11,"column":28}},"loc":{"start":{"line":14,"column":53},"end":{"line":35,"column":3}}},"2":{"name":"(anonymous_2)","decl":{"start":{"line":21,"column":11},"end":{"line":21,"column":12}},"loc":{"start":{"line":21,"column":68},"end":{"line":34,"column":5}}},"3":{"name":"(anonymous_3)","decl":{"start":{"line":27,"column":16},"end":{"line":27,"column":19}},"loc":{"start":{"line":27,"column":22},"end":{"line":27,"column":32}}}},"branchMap":{},"s":{"0":2,"1":2,"2":2,"3":4,"4":3,"5":3,"6":3,"7":3,"8":2,"9":2},"f":{"0":4,"1":3,"2":3,"3":2},"b":{}}
,"/home/gabriel/Documents/Projects/nest-graphql-filters/src/utils/create-filterable-entity-decorator.ts": {"path":"/home/gabriel/Documents/Projects/nest-graphql-filters/src/utils/create-filterable-entity-decorator.ts","statementMap":{"0":{"start":{"line":1,"column":0},"end":{"line":1,"column":null}},"1":{"start":{"line":11,"column":47},"end":{"line":21,"column":1}},"2":{"start":{"line":14,"column":2},"end":{"line":20,"column":4}},"3":{"start":{"line":15,"column":4},"end":{"line":19,"column":6}},"4":{"start":{"line":16,"column":30},"end":{"line":16,"column":76}},"5":{"start":{"line":18,"column":6},"end":{"line":18,"column":63}},"6":{"start":{"line":11,"column":13},"end":{"line":11,"column":47}}},"fnMap":{"0":{"name":"(anonymous_0)","decl":{"start":{"line":11,"column":47},"end":{"line":11,"column":null}},"loc":{"start":{"line":13,"column":4},"end":{"line":21,"column":1}}},"1":{"name":"FilterableEntity","decl":{"start":{"line":14,"column":18},"end":{"line":14,"column":34}},"loc":{"start":{"line":14,"column":48},"end":{"line":20,"column":3}}},"2":{"name":"(anonymous_2)","decl":{"start":{"line":15,"column":11},"end":{"line":15,"column":12}},"loc":{"start":{"line":15,"column":40},"end":{"line":19,"column":5}}}},"branchMap":{"0":{"loc":{"start":{"line":18,"column":16},"end":{"line":18,"column":44}},"type":"binary-expr","locations":[{"start":{"line":18,"column":16},"end":{"line":18,"column":20}},{"start":{"line":18,"column":24},"end":{"line":18,"column":44}}]}},"s":{"0":3,"1":3,"2":3,"3":3,"4":3,"5":3,"6":3},"f":{"0":3,"1":3,"2":3},"b":{"0":[3,2]}}
,"/home/gabriel/Documents/Projects/nest-graphql-filters/src/utils/create-filterable-field-decorator.ts": {"path":"/home/gabriel/Documents/Projects/nest-graphql-filters/src/utils/create-filterable-field-decorator.ts","statementMap":{"0":{"start":{"line":8,"column":0},"end":{"line":8,"column":105}},"1":{"start":{"line":9,"column":0},"end":{"line":9,"column":63}},"2":{"start":{"line":10,"column":0},"end":{"line":10,"column":87}},"3":{"start":{"line":12,"column":0},"end":{"line":12,"column":56}},"4":{"start":{"line":27,"column":46},"end":{"line":81,"column":1}},"5":{"start":{"line":30,"column":2},"end":{"line":80,"column":4}},"6":{"start":{"line":34,"column":4},"end":{"line":79,"column":6}},"7":{"start":{"line":39,"column":21},"end":{"line":39,"column":50}},"8":{"start":{"line":41,"column":54},"end":{"line":43,"column":43}},"9":{"start":{"line":45,"column":30},"end":{"line":45,"column":67}},"10":{"start":{"line":47,"column":25},"end":{"line":73,"column":7}},"11":{"start":{"line":48,"column":33},"end":{"line":48,"column":67}},"12":{"start":{"line":53,"column":12},"end":{"line":60,"column":10}},"13":{"start":{"line":62,"column":30},"end":{"line":69,"column":10}},"14":{"start":{"line":71,"column":8},"end":{"line":71,"column":56}},"15":{"start":{"line":72,"column":8},"end":{"line":72,"column":74}},"16":{"start":{"line":76,"column":6},"end":{"line":78,"column":9}},"17":{"start":{"line":27,"column":13},"end":{"line":27,"column":46}}},"fnMap":{"0":{"name":"(anonymous_0)","decl":{"start":{"line":27,"column":46},"end":{"line":27,"column":null}},"loc":{"start":{"line":29,"column":4},"end":{"line":81,"column":1}}},"1":{"name":"FilterableField","decl":{"start":{"line":30,"column":18},"end":{"line":30,"column":33}},"loc":{"start":{"line":32,"column":43},"end":{"line":80,"column":3}}},"2":{"name":"(anonymous_2)","decl":{"start":{"line":34,"column":11},"end":{"line":34,"column":null}},"loc":{"start":{"line":38,"column":8},"end":{"line":79,"column":5}}},"3":{"name":"(anonymous_3)","decl":{"start":{"line":47,"column":25},"end":{"line":47,"column":28}},"loc":{"start":{"line":47,"column":30},"end":{"line":73,"column":7}}}},"branchMap":{"0":{"loc":{"start":{"line":41,"column":29},"end":{"line":41,"column":50}},"type":"default-arg","locations":[{"start":{"line":41,"column":48},"end":{"line":41,"column":50}}]},"1":{"loc":{"start":{"line":41,"column":54},"end":{"line":43,"column":43}},"type":"cond-expr","locations":[{"start":{"line":42,"column":10},"end":{"line":42,"column":39}},{"start":{"line":43,"column":10},"end":{"line":43,"column":43}}]},"2":{"loc":{"start":{"line":48,"column":36},"end":{"line":48,"column":66}},"type":"binary-expr","locations":[{"start":{"line":48,"column":36},"end":{"line":48,"column":46}},{"start":{"line":48,"column":50},"end":{"line":48,"column":66}}]},"3":{"loc":{"start":{"line":52,"column":21},"end":{"line":52,"column":36}},"type":"default-arg","locations":[{"start":{"line":52,"column":31},"end":{"line":52,"column":36}}]},"4":{"loc":{"start":{"line":52,"column":38},"end":{"line":52,"column":54}},"type":"default-arg","locations":[{"start":{"line":52,"column":49},"end":{"line":52,"column":54}}]},"5":{"loc":{"start":{"line":54,"column":23},"end":{"line":54,"column":77}},"type":"cond-expr","locations":[{"start":{"line":54,"column":42},"end":{"line":54,"column":61}},{"start":{"line":54,"column":64},"end":{"line":54,"column":77}}]},"6":{"loc":{"start":{"line":63,"column":16},"end":{"line":63,"column":49}},"type":"binary-expr","locations":[{"start":{"line":63,"column":16},"end":{"line":63,"column":34}},{"start":{"line":63,"column":38},"end":{"line":63,"column":49}}]}},"s":{"0":8,"1":8,"2":8,"3":8,"4":8,"5":14,"6":11,"7":11,"8":11,"9":11,"10":11,"11":6,"12":6,"13":6,"14":6,"15":6,"16":11,"17":8},"f":{"0":14,"1":11,"2":11,"3":6},"b":{"0":[11],"1":[3,8],"2":[6,0],"3":[6],"4":[6],"5":[0,6],"6":[6,6]}}
,"/home/gabriel/Documents/Projects/nest-graphql-filters/src/utils/create-get-field-metadata.ts": {"path":"/home/gabriel/Documents/Projects/nest-graphql-filters/src/utils/create-get-field-metadata.ts","statementMap":{"0":{"start":{"line":5,"column":2},"end":{"line":5,"column":73}},"1":{"start":{"line":5,"column":27},"end":{"line":5,"column":72}},"2":{"start":{"line":4,"column":0},"end":{"line":4,"column":16}}},"fnMap":{"0":{"name":"createGetFieldMetadata","decl":{"start":{"line":4,"column":16},"end":{"line":4,"column":38}},"loc":{"start":{"line":4,"column":73},"end":{"line":6,"column":1}}},"1":{"name":"(anonymous_1)","decl":{"start":{"line":5,"column":9},"end":{"line":5,"column":10}},"loc":{"start":{"line":5,"column":27},"end":{"line":5,"column":72}}}},"branchMap":{},"s":{"0":3,"1":3,"2":3},"f":{"0":3,"1":3},"b":{}}
,"/home/gabriel/Documents/Projects/nest-graphql-filters/src/utils/create-get-filter-of.ts": {"path":"/home/gabriel/Documents/Projects/nest-graphql-filters/src/utils/create-get-filter-of.ts","statementMap":{"0":{"start":{"line":5,"column":2},"end":{"line":6,"column":53}},"1":{"start":{"line":6,"column":4},"end":{"line":6,"column":52}},"2":{"start":{"line":4,"column":0},"end":{"line":4,"column":16}}},"fnMap":{"0":{"name":"createGetFilterOf","decl":{"start":{"line":4,"column":16},"end":{"line":4,"column":33}},"loc":{"start":{"line":4,"column":68},"end":{"line":7,"column":1}}},"1":{"name":"(anonymous_1)","decl":{"start":{"line":5,"column":9},"end":{"line":5,"column":19}},"loc":{"start":{"line":6,"column":4},"end":{"line":6,"column":52}}}},"branchMap":{},"s":{"0":10,"1":5,"2":4},"f":{"0":10,"1":5},"b":{}}
,"/home/gabriel/Documents/Projects/nest-graphql-filters/src/utils/create-get-indexed-fields.ts": {"path":"/home/gabriel/Documents/Projects/nest-graphql-filters/src/utils/create-get-indexed-fields.ts","statementMap":{"0":{"start":{"line":5,"column":2},"end":{"line":6,"column":48}},"1":{"start":{"line":6,"column":4},"end":{"line":6,"column":47}},"2":{"start":{"line":4,"column":0},"end":{"line":4,"column":16}}},"fnMap":{"0":{"name":"createGetIndexedFields","decl":{"start":{"line":4,"column":16},"end":{"line":4,"column":38}},"loc":{"start":{"line":4,"column":73},"end":{"line":7,"column":1}}},"1":{"name":"(anonymous_1)","decl":{"start":{"line":5,"column":9},"end":{"line":5,"column":10}},"loc":{"start":{"line":6,"column":4},"end":{"line":6,"column":47}}}},"branchMap":{},"s":{"0":3,"1":2,"2":3},"f":{"0":3,"1":2},"b":{}}
,"/home/gabriel/Documents/Projects/nest-graphql-filters/src/utils/create-nest-filter-module.ts": {"path":"/home/gabriel/Documents/Projects/nest-graphql-filters/src/utils/create-nest-filter-module.ts","statementMap":{"0":{"start":{"line":4,"column":0},"end":{"line":4,"column":74}},"1":{"start":{"line":5,"column":0},"end":{"line":5,"column":105}},"2":{"start":{"line":7,"column":38},"end":{"line":32,"column":1}},"3":{"start":{"line":8,"column":2},"end":{"line":31,"column":4}},"4":{"start":{"line":12,"column":6},"end":{"line":12,"column":33}},"5":{"start":{"line":14,"column":6},"end":{"line":14,"column":34}},"6":{"start":{"line":18,"column":23},"end":{"line":21,"column":8}},"7":{"start":{"line":23,"column":6},"end":{"line":29,"column":8}},"8":{"start":{"line":7,"column":13},"end":{"line":7,"column":38}}},"fnMap":{"0":{"name":"(anonymous_0)","decl":{"start":{"line":7,"column":38},"end":{"line":7,"column":39}},"loc":{"start":{"line":7,"column":77},"end":{"line":32,"column":1}}},"1":{"name":"(anonymous_1)","decl":{"start":{"line":9,"column":4},"end":{"line":9,"column":16}},"loc":{"start":{"line":9,"column":16},"end":{"line":15,"column":5}}},"2":{"name":"(anonymous_2)","decl":{"start":{"line":17,"column":4},"end":{"line":17,"column":10}},"loc":{"start":{"line":17,"column":54},"end":{"line":30,"column":5}}}},"branchMap":{},"s":{"0":2,"1":2,"2":2,"3":3,"4":1,"5":1,"6":1,"7":1,"8":2},"f":{"0":3,"1":1,"2":1},"b":{}}
,"/home/gabriel/Documents/Projects/nest-graphql-filters/src/utils/create-orderable-entity-decorator.ts": {"path":"/home/gabriel/Documents/Projects/nest-graphql-filters/src/utils/create-orderable-entity-decorator.ts","statementMap":{"0":{"start":{"line":1,"column":0},"end":{"line":1,"column":69}},"1":{"start":{"line":2,"column":0},"end":{"line":2,"column":105}},"2":{"start":{"line":5,"column":0},"end":{"line":5,"column":56}},"3":{"start":{"line":6,"column":0},"end":{"line":6,"column":74}},"4":{"start":{"line":8,"column":46},"end":{"line":55,"column":1}},"5":{"start":{"line":11,"column":2},"end":{"line":11,"column":null}},"6":{"start":{"line":12,"column":4},"end":{"line":12,"column":null}},"7":{"start":{"line":13,"column":4},"end":{"line":13,"column":null}},"8":{"start":{"line":16,"column":2},"end":{"line":16,"column":63}},"9":{"start":{"line":18,"column":2},"end":{"line":54,"column":4}},"10":{"start":{"line":19,"column":4},"end":{"line":53,"column":6}},"11":{"start":{"line":20,"column":30},"end":{"line":20,"column":76}},"12":{"start":{"line":22,"column":37},"end":{"line":47,"column":7}},"13":{"start":{"line":23,"column":23},"end":{"line":23,"column":68}},"14":{"start":{"line":25,"column":27},"end":{"line":25,"column":59}},"15":{"start":{"line":26,"column":8},"end":{"line":26,"column":71}},"16":{"start":{"line":29,"column":8},"end":{"line":35,"column":null}},"17":{"start":{"line":31,"column":10},"end":{"line":31,"column":null}},"18":{"start":{"line":34,"column":10},"end":{"line":34,"column":null}},"19":{"start":{"line":29,"column":14},"end":{"line":35,"column":null}},"20":{"start":{"line":37,"column":30},"end":{"line":43,"column":10}},"21":{"start":{"line":45,"column":8},"end":{"line":45,"column":56}},"22":{"start":{"line":46,"column":8},"end":{"line":46,"column":68}},"23":{"start":{"line":50,"column":6},"end":{"line":52,"column":9}},"24":{"start":{"line":8,"column":13},"end":{"line":8,"column":46}}},"fnMap":{"0":{"name":"(anonymous_2)","decl":{"start":{"line":8,"column":46},"end":{"line":8,"column":null}},"loc":{"start":{"line":10,"column":4},"end":{"line":55,"column":1}}},"1":{"name":"(anonymous_3)","decl":{"start":{"line":11,"column":2},"end":{"line":11,"column":7}},"loc":{"start":{"line":11,"column":21},"end":{"line":14,"column":3}}},"2":{"name":"OrderableEntity","decl":{"start":{"line":18,"column":18},"end":{"line":18,"column":33}},"loc":{"start":{"line":18,"column":33},"end":{"line":54,"column":3}}},"3":{"name":"(anonymous_5)","decl":{"start":{"line":19,"column":11},"end":{"line":19,"column":12}},"loc":{"start":{"line":19,"column":40},"end":{"line":53,"column":5}}},"4":{"name":"(anonymous_6)","decl":{"start":{"line":22,"column":37},"end":{"line":22,"column":40}},"loc":{"start":{"line":22,"column":42},"end":{"line":47,"column":7}}}},"branchMap":{"0":{"loc":{"start":{"line":11,"column":7},"end":{"line":11,"column":null}},"type":"binary-expr","locations":[{"start":{"line":11,"column":7},"end":{"line":11,"column":21}},{"start":{"line":11,"column":7},"end":{"line":11,"column":null}}]}},"s":{"0":2,"1":2,"2":2,"3":2,"4":2,"5":2,"6":2,"7":2,"8":2,"9":2,"10":1,"11":1,"12":1,"13":1,"14":1,"15":1,"16":1,"17":1,"18":1,"19":1,"20":1,"21":1,"22":1,"23":1,"24":2},"f":{"0":2,"1":2,"2":1,"3":1,"4":1},"b":{"0":[2,2]}}
,"/home/gabriel/Documents/Projects/nest-graphql-filters/src/utils/get-options-and-pipes.ts": {"path":"/home/gabriel/Documents/Projects/nest-graphql-filters/src/utils/get-options-and-pipes.ts","statementMap":{"0":{"start":{"line":2,"column":0},"end":{"line":2,"column":65}},"1":{"start":{"line":13,"column":46},"end":{"line":15,"column":4}},"2":{"start":{"line":17,"column":2},"end":{"line":23,"column":3}},"3":{"start":{"line":18,"column":4},"end":{"line":18,"column":31}},"4":{"start":{"line":20,"column":20},"end":{"line":20,"column":55}},"5":{"start":{"line":21,"column":4},"end":{"line":21,"column":67}},"6":{"start":{"line":22,"column":4},"end":{"line":22,"column":56}},"7":{"start":{"line":25,"column":2},"end":{"line":28,"column":4}},"8":{"start":{"line":5,"column":0},"end":{"line":5,"column":16}}},"fnMap":{"0":{"name":"getOptionsOrPipes","decl":{"start":{"line":5,"column":16},"end":{"line":5,"column":33}},"loc":{"start":{"line":11,"column":51},"end":{"line":29,"column":1}}}},"branchMap":{"0":{"loc":{"start":{"line":17,"column":2},"end":{"line":23,"column":3}},"type":"if","locations":[{"start":{"line":17,"column":2},"end":{"line":23,"column":3}},{"start":{"line":19,"column":9},"end":{"line":23,"column":3}}]},"1":{"loc":{"start":{"line":21,"column":28},"end":{"line":21,"column":66}},"type":"binary-expr","locations":[{"start":{"line":21,"column":28},"end":{"line":21,"column":41}},{"start":{"line":21,"column":45},"end":{"line":21,"column":66}}]}},"s":{"0":3,"1":6,"2":6,"3":1,"4":5,"5":5,"6":5,"7":6,"8":3},"f":{"0":6},"b":{"0":[1,5],"1":[5,1]}}
,"/home/gabriel/Documents/Projects/nest-graphql-filters/src/utils/map-by.ts": {"path":"/home/gabriel/Documents/Projects/nest-graphql-filters/src/utils/map-by.ts","statementMap":{"0":{"start":{"line":5,"column":14},"end":{"line":5,"column":32}},"1":{"start":{"line":7,"column":2},"end":{"line":9,"column":3}},"2":{"start":{"line":8,"column":4},"end":{"line":8,"column":32}},"3":{"start":{"line":11,"column":2},"end":{"line":11,"column":13}},"4":{"start":{"line":1,"column":0},"end":{"line":1,"column":16}}},"fnMap":{"0":{"name":"mapBy","decl":{"start":{"line":1,"column":16},"end":{"line":1,"column":21}},"loc":{"start":{"line":3,"column":13},"end":{"line":12,"column":1}}}},"branchMap":{},"s":{"0":5,"1":5,"2":20,"3":5,"4":10},"f":{"0":5},"b":{}}
}
