TN:
SF:src/index.ts
FN:4,(anonymous_0)
FN:5,(anonymous_1)
FN:6,(anonymous_2)
FN:7,(anonymous_3)
FNF:4
FNH:4
FNDA:1,(anonymous_0)
FNDA:1,(anonymous_1)
FNDA:1,(anonymous_2)
FNDA:1,(anonymous_3)
DA:4,2
DA:5,2
DA:6,2
DA:7,2
DA:10,1
DA:11,1
DA:12,1
DA:14,1
DA:15,1
DA:16,1
DA:17,1
DA:18,1
DA:19,1
DA:20,1
DA:22,1
DA:23,1
DA:25,1
DA:26,1
DA:27,1
DA:29,1
DA:35,1
DA:36,1
DA:37,1
DA:38,1
DA:39,1
DA:40,1
DA:41,1
DA:42,1
LF:28
LH:28
BRF:0
BRH:0
end_of_record
TN:
SF:src/constants/filter-type-map.ts
FNF:0
FNH:0
DA:2,1
DA:4,1
DA:5,1
DA:6,1
DA:7,1
DA:8,1
DA:9,1
DA:10,1
DA:12,1
LF:9
LH:9
BRF:0
BRH:0
end_of_record
TN:
SF:src/constants/primitive-types.ts
FNF:0
FNH:0
DA:1,10
DA:10,10
LF:2
LH:2
BRF:0
BRH:0
end_of_record
TN:
SF:src/enums/comparison-operators.ts
FN:1,(anonymous_0)
FNF:1
FNH:1
FNDA:1,(anonymous_0)
DA:1,1
DA:2,1
DA:3,1
DA:4,1
DA:5,1
DA:6,1
DA:7,1
DA:8,1
LF:8
LH:8
BRDA:1,0,0,1
BRDA:1,0,1,1
BRF:2
BRH:2
end_of_record
TN:
SF:src/enums/logical-operations.ts
FN:1,(anonymous_0)
FNF:1
FNH:1
FNDA:9,(anonymous_0)
DA:1,9
DA:2,9
DA:3,9
DA:4,9
LF:4
LH:4
BRDA:1,0,0,9
BRDA:1,0,1,9
BRF:2
BRH:2
end_of_record
TN:
SF:src/filters/boolean-filter.filter.ts
FNF:0
FNH:0
DA:1,1
DA:4,1
DA:6,1
LF:3
LH:3
BRF:0
BRH:0
end_of_record
TN:
SF:src/filters/date-time.filter.ts
FNF:0
FNH:0
DA:1,1
DA:3,1
DA:6,1
DA:8,1
DA:13,1
DA:16,1
DA:19,1
DA:22,1
DA:25,1
LF:9
LH:9
BRF:0
BRH:0
end_of_record
TN:
SF:src/filters/float-filter.filter.ts
FNF:0
FNH:0
DA:1,1
DA:4,1
DA:6,1
DA:9,1
DA:12,1
DA:15,1
DA:18,1
DA:21,1
LF:8
LH:8
BRF:0
BRH:0
end_of_record
TN:
SF:src/filters/id-filter.filter.ts
FNF:0
FNH:0
DA:1,1
DA:4,1
DA:6,1
LF:3
LH:3
BRF:0
BRH:0
end_of_record
TN:
SF:src/filters/int-filter.filter.ts
FNF:0
FNH:0
DA:1,1
DA:4,1
DA:6,1
DA:9,1
DA:12,1
DA:15,1
DA:18,1
DA:21,1
LF:8
LH:8
BRF:0
BRH:0
end_of_record
TN:
SF:src/filters/string.filter.ts
FNF:0
FNH:0
DA:1,5
DA:4,5
DA:6,5
DA:9,5
DA:14,5
LF:5
LH:5
BRF:0
BRH:0
end_of_record
TN:
SF:src/filters/timestamp.filter.ts
FNF:0
FNH:0
DA:1,1
DA:3,1
DA:6,1
DA:8,1
DA:11,1
DA:14,1
DA:17,1
DA:20,1
DA:23,1
LF:9
LH:9
BRF:0
BRH:0
end_of_record
TN:
SF:src/types/bidirectional-map.ts
FN:5,(anonymous_0)
FN:16,(anonymous_1)
FN:21,(anonymous_2)
FN:25,(anonymous_3)
FN:29,(anonymous_4)
FN:39,(anonymous_5)
FN:43,(anonymous_6)
FN:47,(anonymous_7)
FNF:8
FNH:8
FNDA:18,(anonymous_0)
FNDA:32,(anonymous_1)
FNDA:48,(anonymous_2)
FNDA:6,(anonymous_3)
FNDA:7,(anonymous_4)
FNDA:1,(anonymous_5)
FNDA:1,(anonymous_6)
FNDA:1,(anonymous_7)
DA:1,10
DA:6,18
DA:7,18
DA:9,18
DA:10,10
DA:11,16
DA:17,32
DA:18,32
DA:22,48
DA:26,6
DA:30,7
DA:32,7
DA:33,4
DA:36,3
DA:40,1
DA:44,1
DA:48,1
LF:17
LH:17
BRDA:9,0,0,10
BRDA:32,1,0,4
BRF:2
BRH:2
end_of_record
TN:
SF:src/types/field-metadata.ts
FN:23,(anonymous_0)
FNF:1
FNH:1
FNDA:49,(anonymous_0)
DA:3,10
DA:14,10
DA:24,49
DA:25,49
DA:26,49
DA:27,49
DA:28,49
DA:29,49
DA:30,49
LF:9
LH:9
BRF:0
BRH:0
end_of_record
TN:
SF:src/types/filter-options.ts
FN:6,(anonymous_0)
FNF:1
FNH:1
FNDA:1,(anonymous_0)
DA:3,2
DA:7,1
LF:2
LH:2
BRF:0
BRH:0
end_of_record
TN:
SF:src/types/filter-type-metadata-storage.ts
FN:21,(anonymous_2)
FN:27,(anonymous_3)
FN:31,(anonymous_4)
FN:45,(anonymous_5)
FN:59,(anonymous_6)
FN:64,(anonymous_7)
FN:72,(anonymous_8)
FN:80,(anonymous_9)
FN:83,(anonymous_10)
FN:86,(anonymous_11)
FNF:10
FNH:10
FNDA:16,(anonymous_2)
FNDA:7,(anonymous_3)
FNDA:1,(anonymous_4)
FNDA:7,(anonymous_5)
FNDA:2,(anonymous_6)
FNDA:3,(anonymous_7)
FNDA:15,(anonymous_8)
FNDA:1,(anonymous_9)
FNDA:1,(anonymous_10)
FNDA:1,(anonymous_11)
DA:1,9
DA:6,9
DA:7,9
DA:8,9
DA:16,9
DA:22,16
DA:23,16
DA:24,16
DA:28,7
DA:32,1
DA:49,7
DA:51,7
DA:59,2
DA:65,3
DA:66,3
DA:67,3
DA:68,3
DA:73,15
DA:75,15
DA:76,2
DA:80,1
DA:81,13
DA:83,1
DA:84,13
DA:86,1
DA:87,13
DA:90,13
DA:94,13
DA:96,13
DA:108,13
DA:120,13
DA:132,13
LF:32
LH:32
BRDA:75,0,0,2
BRF:1
BRH:1
end_of_record
TN:
SF:src/types/multimap.ts
FN:5,(anonymous_0)
FN:10,(anonymous_1)
FN:20,(anonymous_2)
FN:33,(anonymous_3)
FN:37,(anonymous_4)
FN:41,(anonymous_5)
FN:45,(anonymous_6)
FNF:7
FNH:7
FNDA:18,(anonymous_0)
FNDA:52,(anonymous_1)
FNDA:53,(anonymous_2)
FNDA:10,(anonymous_3)
FNDA:2,(anonymous_4)
FNDA:1,(anonymous_5)
FNDA:4,(anonymous_6)
DA:1,10
DA:6,18
DA:7,18
DA:11,52
DA:12,52
DA:13,52
DA:14,16
DA:16,52
DA:17,52
DA:21,53
DA:22,53
DA:23,2
DA:24,2
DA:25,2
DA:26,2
DA:27,1
DA:30,53
DA:34,10
DA:38,2
DA:42,1
DA:46,4
LF:21
LH:21
BRDA:12,0,0,52
BRDA:12,0,1,16
BRDA:13,1,0,16
BRDA:22,2,0,2
BRDA:26,3,0,1
BRF:5
BRH:5
end_of_record
TN:
SF:src/utils/create-enum-of-entity-fields.ts
FN:3,createEnumOfEntityFields
FNF:1
FNH:1
FNDA:2,createEnumOfEntityFields
DA:3,3
DA:6,2
DA:8,2
DA:9,6
DA:10,3
DA:14,2
LF:6
LH:6
BRDA:9,0,0,3
BRF:1
BRH:1
end_of_record
TN:
SF:src/utils/create-filter-args-decorator.ts
FN:8,(anonymous_0)
FN:11,FilterArgs
FN:21,(anonymous_2)
FN:27,(anonymous_3)
FNF:4
FNH:4
FNDA:4,(anonymous_0)
FNDA:3,FilterArgs
FNDA:3,(anonymous_2)
FNDA:2,(anonymous_3)
DA:2,2
DA:6,2
DA:8,2
DA:11,4
DA:16,3
DA:21,3
DA:22,3
DA:24,3
DA:27,2
LF:9
LH:9
BRF:0
BRH:0
end_of_record
TN:
SF:src/utils/create-filterable-entity-decorator.ts
FN:11,(anonymous_0)
FN:14,FilterableEntity
FN:15,(anonymous_2)
FNF:3
FNH:3
FNDA:3,(anonymous_0)
FNDA:3,FilterableEntity
FNDA:3,(anonymous_2)
DA:1,3
DA:11,3
DA:14,3
DA:15,3
DA:16,3
DA:18,3
LF:6
LH:6
BRDA:18,0,0,3
BRDA:18,0,1,2
BRF:2
BRH:2
end_of_record
TN:
SF:src/utils/create-filterable-field-decorator.ts
FN:27,(anonymous_0)
FN:30,FilterableField
FN:34,(anonymous_2)
FN:47,(anonymous_3)
FNF:4
FNH:4
FNDA:14,(anonymous_0)
FNDA:11,FilterableField
FNDA:11,(anonymous_2)
FNDA:6,(anonymous_3)
DA:8,8
DA:9,8
DA:10,8
DA:12,8
DA:27,8
DA:30,14
DA:34,11
DA:39,11
DA:41,11
DA:45,11
DA:47,11
DA:48,6
DA:53,6
DA:62,6
DA:71,6
DA:72,6
DA:76,11
LF:17
LH:17
BRDA:41,0,0,11
BRDA:41,1,0,3
BRDA:41,1,1,8
BRDA:48,2,0,6
BRDA:48,2,1,0
BRDA:52,3,0,6
BRDA:52,4,0,6
BRDA:54,5,0,0
BRDA:54,5,1,6
BRDA:63,6,0,6
BRDA:63,6,1,6
BRF:11
BRH:9
end_of_record
TN:
SF:src/utils/create-get-field-metadata.ts
FN:4,createGetFieldMetadata
FN:5,(anonymous_1)
FNF:2
FNH:2
FNDA:3,createGetFieldMetadata
FNDA:3,(anonymous_1)
DA:4,3
DA:5,3
LF:2
LH:2
BRF:0
BRH:0
end_of_record
TN:
SF:src/utils/create-get-filter-of.ts
FN:4,createGetFilterOf
FN:5,(anonymous_1)
FNF:2
FNH:2
FNDA:10,createGetFilterOf
FNDA:5,(anonymous_1)
DA:4,4
DA:5,10
DA:6,5
LF:3
LH:3
BRF:0
BRH:0
end_of_record
TN:
SF:src/utils/create-get-indexed-fields.ts
FN:4,createGetIndexedFields
FN:5,(anonymous_1)
FNF:2
FNH:2
FNDA:3,createGetIndexedFields
FNDA:2,(anonymous_1)
DA:4,3
DA:5,3
DA:6,2
LF:3
LH:3
BRF:0
BRH:0
end_of_record
TN:
SF:src/utils/create-nest-filter-module.ts
FN:7,(anonymous_0)
FN:9,(anonymous_1)
FN:17,(anonymous_2)
FNF:3
FNH:3
FNDA:3,(anonymous_0)
FNDA:1,(anonymous_1)
FNDA:1,(anonymous_2)
DA:4,2
DA:5,2
DA:7,2
DA:8,3
DA:12,1
DA:14,1
DA:18,1
DA:23,1
LF:8
LH:8
BRF:0
BRH:0
end_of_record
TN:
SF:src/utils/create-orderable-entity-decorator.ts
FN:8,(anonymous_2)
FN:11,(anonymous_3)
FN:18,OrderableEntity
FN:19,(anonymous_5)
FN:22,(anonymous_6)
FNF:5
FNH:5
FNDA:2,(anonymous_2)
FNDA:2,(anonymous_3)
FNDA:1,OrderableEntity
FNDA:1,(anonymous_5)
FNDA:1,(anonymous_6)
DA:1,2
DA:2,2
DA:5,2
DA:6,2
DA:8,2
DA:11,2
DA:12,2
DA:13,2
DA:16,2
DA:18,2
DA:19,1
DA:20,1
DA:22,1
DA:23,1
DA:25,1
DA:26,1
DA:29,1
DA:31,1
DA:34,1
DA:37,1
DA:45,1
DA:46,1
DA:50,1
LF:23
LH:23
BRDA:11,0,0,2
BRDA:11,0,1,2
BRF:2
BRH:2
end_of_record
TN:
SF:src/utils/get-options-and-pipes.ts
FN:5,getOptionsOrPipes
FNF:1
FNH:1
FNDA:6,getOptionsOrPipes
DA:2,3
DA:5,3
DA:13,6
DA:17,6
DA:18,1
DA:20,5
DA:21,5
DA:22,5
DA:25,6
LF:9
LH:9
BRDA:17,0,0,1
BRDA:17,0,1,5
BRDA:21,1,0,5
BRDA:21,1,1,1
BRF:4
BRH:4
end_of_record
TN:
SF:src/utils/map-by.ts
FN:1,mapBy
FNF:1
FNH:1
FNDA:5,mapBy
DA:1,10
DA:5,5
DA:7,5
DA:8,20
DA:11,5
LF:5
LH:5
BRF:0
BRH:0
end_of_record
